2023/07/10 20:08:39 [notice] 1#1: using the "epoll" event method
2023/07/10 20:08:39 [notice] 1#1: nginx/1.21.6
2023/07/10 20:08:39 [notice] 1#1: built by gcc 10.2.1 20210110 (Debian 10.2.1-6) 
2023/07/10 20:08:39 [notice] 1#1: OS: Linux 5.15.49-linuxkit
2023/07/10 20:08:39 [notice] 1#1: getrlimit(RLIMIT_NOFILE): 1048576:1048576
2023/07/10 20:08:39 [notice] 1#1: start worker processes
2023/07/10 20:08:39 [notice] 1#1: start worker process 8
2023/07/10 20:08:39 [notice] 1#1: start worker process 9
2023/07/10 20:08:39 [notice] 1#1: start worker process 10
2023/07/10 20:08:39 [notice] 1#1: start worker process 11
2023/07/10 20:08:55 [notice] 1#1: signal 3 (SIGQUIT) received, shutting down
2023/07/10 20:08:55 [notice] 10#10: gracefully shutting down
2023/07/10 20:08:55 [notice] 10#10: exiting
2023/07/10 20:08:55 [notice] 9#9: gracefully shutting down
2023/07/10 20:08:55 [notice] 9#9: exiting
2023/07/10 20:08:55 [notice] 8#8: gracefully shutting down
2023/07/10 20:08:55 [notice] 8#8: exiting
2023/07/10 20:08:55 [notice] 11#11: gracefully shutting down
2023/07/10 20:08:55 [notice] 10#10: exit
2023/07/10 20:08:55 [notice] 9#9: exit
2023/07/10 20:08:55 [notice] 8#8: exit
2023/07/10 20:08:55 [notice] 11#11: exiting
2023/07/10 20:08:55 [notice] 11#11: exit
2023/07/10 20:08:55 [notice] 1#1: signal 17 (SIGCHLD) received from 10
2023/07/10 20:08:55 [notice] 1#1: worker process 10 exited with code 0
2023/07/10 20:08:55 [notice] 1#1: signal 29 (SIGIO) received
2023/07/10 20:08:55 [notice] 1#1: signal 17 (SIGCHLD) received from 11
2023/07/10 20:08:55 [notice] 1#1: worker process 11 exited with code 0
2023/07/10 20:08:55 [notice] 1#1: signal 29 (SIGIO) received
2023/07/10 20:08:55 [notice] 1#1: signal 17 (SIGCHLD) received from 9
2023/07/10 20:08:55 [notice] 1#1: worker process 8 exited with code 0
2023/07/10 20:08:55 [notice] 1#1: worker process 9 exited with code 0
2023/07/10 20:08:55 [notice] 1#1: exit
2023/07/10 20:13:47 [notice] 1#1: using the "epoll" event method
2023/07/10 20:13:47 [notice] 1#1: nginx/1.21.6
2023/07/10 20:13:47 [notice] 1#1: built by gcc 10.2.1 20210110 (Debian 10.2.1-6) 
2023/07/10 20:13:47 [notice] 1#1: OS: Linux 5.15.49-linuxkit
2023/07/10 20:13:47 [notice] 1#1: getrlimit(RLIMIT_NOFILE): 1048576:1048576
2023/07/10 20:13:47 [notice] 1#1: start worker processes
2023/07/10 20:13:47 [notice] 1#1: start worker process 8
2023/07/10 20:13:47 [notice] 1#1: start worker process 9
2023/07/10 20:13:47 [notice] 1#1: start worker process 10
2023/07/10 20:13:47 [notice] 1#1: start worker process 11
2023/07/10 20:34:05 [notice] 1#1: signal 3 (SIGQUIT) received, shutting down
2023/07/10 20:34:05 [notice] 9#9: gracefully shutting down
2023/07/10 20:34:05 [notice] 11#11: gracefully shutting down
2023/07/10 20:34:05 [notice] 10#10: gracefully shutting down
2023/07/10 20:34:05 [notice] 8#8: gracefully shutting down
2023/07/10 20:34:05 [notice] 9#9: exiting
2023/07/10 20:34:05 [notice] 11#11: exiting
2023/07/10 20:34:05 [notice] 10#10: exiting
2023/07/10 20:34:05 [notice] 8#8: exiting
2023/07/10 20:34:05 [notice] 9#9: exit
2023/07/10 20:34:05 [notice] 11#11: exit
2023/07/10 20:34:05 [notice] 10#10: exit
2023/07/10 20:34:05 [notice] 8#8: exit
2023/07/10 20:34:05 [notice] 1#1: signal 17 (SIGCHLD) received from 9
2023/07/10 20:34:05 [notice] 1#1: worker process 9 exited with code 0
2023/07/10 20:34:05 [notice] 1#1: signal 29 (SIGIO) received
2023/07/10 20:34:05 [notice] 1#1: signal 17 (SIGCHLD) received from 10
2023/07/10 20:34:05 [notice] 1#1: worker process 8 exited with code 0
2023/07/10 20:34:05 [notice] 1#1: worker process 10 exited with code 0
2023/07/10 20:34:05 [notice] 1#1: worker process 11 exited with code 0
2023/07/10 20:34:05 [notice] 1#1: exit
2023/07/10 20:34:59 [notice] 1#1: using the "epoll" event method
2023/07/10 20:34:59 [notice] 1#1: nginx/1.21.6
2023/07/10 20:34:59 [notice] 1#1: built by gcc 10.2.1 20210110 (Debian 10.2.1-6) 
2023/07/10 20:34:59 [notice] 1#1: OS: Linux 5.15.49-linuxkit
2023/07/10 20:34:59 [notice] 1#1: getrlimit(RLIMIT_NOFILE): 1048576:1048576
2023/07/10 20:34:59 [notice] 1#1: start worker processes
2023/07/10 20:34:59 [notice] 1#1: start worker process 8
2023/07/10 20:34:59 [notice] 1#1: start worker process 9
2023/07/10 20:34:59 [notice] 1#1: start worker process 10
2023/07/10 20:34:59 [notice] 1#1: start worker process 11
2023/07/10 23:08:57 [notice] 1#1: signal 3 (SIGQUIT) received, shutting down
2023/07/10 23:08:57 [notice] 8#8: gracefully shutting down
2023/07/10 23:08:57 [notice] 9#9: gracefully shutting down
2023/07/10 23:08:57 [notice] 9#9: exiting
2023/07/10 23:08:57 [notice] 11#11: gracefully shutting down
2023/07/10 23:08:57 [notice] 10#10: gracefully shutting down
2023/07/10 23:08:57 [notice] 8#8: exiting
2023/07/10 23:08:57 [notice] 9#9: exit
2023/07/10 23:08:57 [notice] 11#11: exiting
2023/07/10 23:08:57 [notice] 10#10: exiting
2023/07/10 23:08:57 [notice] 8#8: exit
2023/07/10 23:08:57 [notice] 11#11: exit
2023/07/10 23:08:57 [notice] 10#10: exit
2023/07/10 23:08:57 [notice] 1#1: signal 17 (SIGCHLD) received from 8
2023/07/10 23:08:57 [notice] 1#1: worker process 8 exited with code 0
2023/07/10 23:08:57 [notice] 1#1: worker process 9 exited with code 0
2023/07/10 23:08:57 [notice] 1#1: signal 29 (SIGIO) received
2023/07/10 23:08:57 [notice] 1#1: signal 17 (SIGCHLD) received from 10
2023/07/10 23:08:57 [notice] 1#1: worker process 10 exited with code 0
2023/07/10 23:08:57 [notice] 1#1: worker process 11 exited with code 0
2023/07/10 23:08:57 [notice] 1#1: exit
2023/07/11 08:59:42 [notice] 1#1: using the "epoll" event method
2023/07/11 08:59:42 [notice] 1#1: nginx/1.21.6
2023/07/11 08:59:42 [notice] 1#1: built by gcc 10.2.1 20210110 (Debian 10.2.1-6) 
2023/07/11 08:59:42 [notice] 1#1: OS: Linux 5.15.49-linuxkit
2023/07/11 08:59:42 [notice] 1#1: getrlimit(RLIMIT_NOFILE): 1048576:1048576
2023/07/11 08:59:42 [notice] 1#1: start worker processes
2023/07/11 08:59:42 [notice] 1#1: start worker process 8
2023/07/11 08:59:42 [notice] 1#1: start worker process 9
2023/07/11 08:59:42 [notice] 1#1: start worker process 10
2023/07/11 08:59:42 [notice] 1#1: start worker process 11
2023/07/11 09:36:11 [notice] 1#1: signal 3 (SIGQUIT) received, shutting down
2023/07/11 09:36:11 [notice] 9#9: gracefully shutting down
2023/07/11 09:36:11 [notice] 8#8: gracefully shutting down
2023/07/11 09:36:11 [notice] 8#8: exiting
2023/07/11 09:36:11 [notice] 10#10: gracefully shutting down
2023/07/11 09:36:11 [notice] 11#11: gracefully shutting down
2023/07/11 09:36:11 [notice] 9#9: exiting
2023/07/11 09:36:11 [notice] 8#8: exit
2023/07/11 09:36:11 [notice] 10#10: exiting
2023/07/11 09:36:11 [notice] 10#10: exit
2023/07/11 09:36:11 [notice] 11#11: exiting
2023/07/11 09:36:11 [notice] 9#9: exit
2023/07/11 09:36:11 [notice] 11#11: exit
2023/07/11 09:36:11 [notice] 1#1: signal 17 (SIGCHLD) received from 8
2023/07/11 09:36:11 [notice] 1#1: worker process 8 exited with code 0
2023/07/11 09:36:11 [notice] 1#1: signal 29 (SIGIO) received
2023/07/11 09:36:11 [notice] 1#1: signal 17 (SIGCHLD) received from 10
2023/07/11 09:36:11 [notice] 1#1: worker process 10 exited with code 0
2023/07/11 09:36:11 [notice] 1#1: signal 29 (SIGIO) received
2023/07/11 09:36:11 [notice] 1#1: signal 17 (SIGCHLD) received from 9
2023/07/11 09:36:11 [notice] 1#1: worker process 9 exited with code 0
2023/07/11 09:36:11 [notice] 1#1: worker process 11 exited with code 0
2023/07/11 09:36:11 [notice] 1#1: exit
2023/07/11 09:36:38 [notice] 1#1: using the "epoll" event method
2023/07/11 09:36:38 [notice] 1#1: nginx/1.21.6
2023/07/11 09:36:38 [notice] 1#1: built by gcc 10.2.1 20210110 (Debian 10.2.1-6) 
2023/07/11 09:36:38 [notice] 1#1: OS: Linux 5.15.49-linuxkit
2023/07/11 09:36:38 [notice] 1#1: getrlimit(RLIMIT_NOFILE): 1048576:1048576
2023/07/11 09:36:38 [notice] 1#1: start worker processes
2023/07/11 09:36:38 [notice] 1#1: start worker process 8
2023/07/11 09:36:38 [notice] 1#1: start worker process 9
2023/07/11 09:36:38 [notice] 1#1: start worker process 10
2023/07/11 09:36:38 [notice] 1#1: start worker process 11
2023/07/11 09:50:09 [notice] 1#1: signal 3 (SIGQUIT) received, shutting down
2023/07/11 09:50:09 [notice] 8#8: gracefully shutting down
2023/07/11 09:50:09 [notice] 11#11: gracefully shutting down
2023/07/11 09:50:09 [notice] 9#9: gracefully shutting down
2023/07/11 09:50:09 [notice] 9#9: exiting
2023/07/11 09:50:09 [notice] 10#10: gracefully shutting down
2023/07/11 09:50:09 [notice] 8#8: exiting
2023/07/11 09:50:09 [notice] 8#8: exit
2023/07/11 09:50:09 [notice] 11#11: exiting
2023/07/11 09:50:09 [notice] 11#11: exit
2023/07/11 09:50:09 [notice] 9#9: exit
2023/07/11 09:50:09 [notice] 10#10: exiting
2023/07/11 09:50:09 [notice] 10#10: exit
2023/07/11 09:50:09 [notice] 1#1: signal 17 (SIGCHLD) received from 8
2023/07/11 09:50:09 [notice] 1#1: worker process 8 exited with code 0
2023/07/11 09:50:09 [notice] 1#1: worker process 11 exited with code 0
2023/07/11 09:50:09 [notice] 1#1: signal 29 (SIGIO) received
2023/07/11 09:50:09 [notice] 1#1: signal 17 (SIGCHLD) received from 11
2023/07/11 09:50:09 [notice] 1#1: signal 17 (SIGCHLD) received from 9
2023/07/11 09:50:09 [notice] 1#1: worker process 9 exited with code 0
2023/07/11 09:50:09 [notice] 1#1: signal 29 (SIGIO) received
2023/07/11 09:50:09 [notice] 1#1: signal 17 (SIGCHLD) received from 10
2023/07/11 09:50:09 [notice] 1#1: worker process 10 exited with code 0
2023/07/11 09:50:09 [notice] 1#1: exit
2023/07/11 09:50:35 [notice] 1#1: using the "epoll" event method
2023/07/11 09:50:35 [notice] 1#1: nginx/1.21.6
2023/07/11 09:50:35 [notice] 1#1: built by gcc 10.2.1 20210110 (Debian 10.2.1-6) 
2023/07/11 09:50:35 [notice] 1#1: OS: Linux 5.15.49-linuxkit
2023/07/11 09:50:35 [notice] 1#1: getrlimit(RLIMIT_NOFILE): 1048576:1048576
2023/07/11 09:50:35 [notice] 1#1: start worker processes
2023/07/11 09:50:35 [notice] 1#1: start worker process 7
2023/07/11 09:50:35 [notice] 1#1: start worker process 8
2023/07/11 09:50:35 [notice] 1#1: start worker process 9
2023/07/11 09:50:35 [notice] 1#1: start worker process 10
2023/07/11 20:47:50 [notice] 1#1: using the "epoll" event method
2023/07/11 20:47:50 [notice] 1#1: nginx/1.21.6
2023/07/11 20:47:50 [notice] 1#1: built by gcc 10.2.1 20210110 (Debian 10.2.1-6) 
2023/07/11 20:47:50 [notice] 1#1: OS: Linux 5.15.49-linuxkit
2023/07/11 20:47:50 [notice] 1#1: getrlimit(RLIMIT_NOFILE): 1048576:1048576
2023/07/11 20:47:50 [notice] 1#1: start worker processes
2023/07/11 20:47:50 [notice] 1#1: start worker process 8
2023/07/11 20:47:50 [notice] 1#1: start worker process 9
2023/07/11 20:47:50 [notice] 1#1: start worker process 10
2023/07/11 20:47:50 [notice] 1#1: start worker process 11
2023/07/11 20:51:49 [notice] 1#1: signal 3 (SIGQUIT) received, shutting down
2023/07/11 20:51:49 [notice] 8#8: gracefully shutting down
2023/07/11 20:51:49 [notice] 9#9: gracefully shutting down
2023/07/11 20:51:49 [notice] 10#10: gracefully shutting down
2023/07/11 20:51:49 [notice] 11#11: gracefully shutting down
2023/07/11 20:51:49 [notice] 8#8: exiting
2023/07/11 20:51:49 [notice] 9#9: exiting
2023/07/11 20:51:49 [notice] 10#10: exiting
2023/07/11 20:51:49 [notice] 11#11: exiting
2023/07/11 20:51:49 [notice] 8#8: exit
2023/07/11 20:51:49 [notice] 9#9: exit
2023/07/11 20:51:49 [notice] 10#10: exit
2023/07/11 20:51:49 [notice] 11#11: exit
2023/07/11 20:51:49 [notice] 1#1: signal 17 (SIGCHLD) received from 8
2023/07/11 20:51:49 [notice] 1#1: worker process 8 exited with code 0
2023/07/11 20:51:49 [notice] 1#1: signal 29 (SIGIO) received
2023/07/11 20:51:49 [notice] 1#1: signal 17 (SIGCHLD) received from 9
2023/07/11 20:51:49 [notice] 1#1: worker process 9 exited with code 0
2023/07/11 20:51:49 [notice] 1#1: worker process 10 exited with code 0
2023/07/11 20:51:49 [notice] 1#1: worker process 11 exited with code 0
2023/07/11 20:51:49 [notice] 1#1: exit
2023/07/11 20:53:39 [notice] 1#1: using the "epoll" event method
2023/07/11 20:53:39 [notice] 1#1: nginx/1.21.6
2023/07/11 20:53:39 [notice] 1#1: built by gcc 10.2.1 20210110 (Debian 10.2.1-6) 
2023/07/11 20:53:39 [notice] 1#1: OS: Linux 5.15.49-linuxkit
2023/07/11 20:53:39 [notice] 1#1: getrlimit(RLIMIT_NOFILE): 1048576:1048576
2023/07/11 20:53:39 [notice] 1#1: start worker processes
2023/07/11 20:53:39 [notice] 1#1: start worker process 8
2023/07/11 20:53:39 [notice] 1#1: start worker process 9
2023/07/11 20:53:39 [notice] 1#1: start worker process 10
2023/07/11 20:53:39 [notice] 1#1: start worker process 11
